<?xml version="1.0" encoding="UTF-8"?>
<!-- Generated by org.testng.reporters.JUnitReportReporter -->
<testsuite hostname="avijdas4" failures="0" tests="1" name="com.training.sanity.tests.LoginTests" time="35.189" errors="0" timestamp="19 Dec 2018 10:16:29 GMT" skipped="0">
  <testcase classname="com.training.sanity.tests.LoginTests" name="validLoginTest" time="35.189"/>
</testsuite> <!-- com.training.sanity.tests.LoginTests -->
